
****** Vivado v2018.3 (64-bit)
  **** SW Build 2405991 on Thu Dec  6 23:36:41 MST 2018
  **** IP Build 2404404 on Fri Dec  7 01:43:56 MST 2018
    ** Copyright 1986-2018 Xilinx, Inc. All Rights Reserved.

source /home/ucas/prj1-XinyiYuan/hardware/scripts/mk.tcl -notrace
Command: synth_design -rtl -rtl_skip_constraints -rtl_skip_ip -top alu
Starting synth_design
Using part: xczu2eg-sfva625-1-e
---------------------------------------------------------------------------------
Starting RTL Elaboration : Time (s): cpu = 00:00:01 ; elapsed = 00:00:02 . Memory (MB): peak = 1389.996 ; gain = 0.000 ; free physical = 4152 ; free virtual = 7754
---------------------------------------------------------------------------------
INFO: [Synth 8-6157] synthesizing module 'alu' [/home/ucas/prj1-XinyiYuan/hardware/sources/ip_catalog/alu.v:5]
INFO: [Synth 8-6155] done synthesizing module 'alu' (1#1) [/home/ucas/prj1-XinyiYuan/hardware/sources/ip_catalog/alu.v:5]
---------------------------------------------------------------------------------
Finished RTL Elaboration : Time (s): cpu = 00:00:02 ; elapsed = 00:00:03 . Memory (MB): peak = 1394.992 ; gain = 4.996 ; free physical = 4165 ; free virtual = 7767
---------------------------------------------------------------------------------

Report Check Netlist: 
+------+------------------+-------+---------+-------+------------------+
|      |Item              |Errors |Warnings |Status |Description       |
+------+------------------+-------+---------+-------+------------------+
|1     |multi_driven_nets |      0|        0|Passed |Multi driven nets |
+------+------------------+-------+---------+-------+------------------+
---------------------------------------------------------------------------------
Start Handling Custom Attributes
---------------------------------------------------------------------------------
---------------------------------------------------------------------------------
Finished Handling Custom Attributes : Time (s): cpu = 00:00:02 ; elapsed = 00:00:03 . Memory (MB): peak = 1394.992 ; gain = 4.996 ; free physical = 4164 ; free virtual = 7766
---------------------------------------------------------------------------------
---------------------------------------------------------------------------------
Finished RTL Optimization Phase 1 : Time (s): cpu = 00:00:02 ; elapsed = 00:00:03 . Memory (MB): peak = 1394.992 ; gain = 4.996 ; free physical = 4164 ; free virtual = 7766
---------------------------------------------------------------------------------
INFO: [Device 21-403] Loading part xczu2eg-sfva625-1-e
INFO: [Project 1-570] Preparing netlist for logic optimization
Netlist sorting complete. Time (s): cpu = 00:00:00 ; elapsed = 00:00:00 . Memory (MB): peak = 2234.734 ; gain = 0.000 ; free physical = 3604 ; free virtual = 7207
INFO: [Project 1-111] Unisim Transformation Summary:
No Unisim elements were transformed.

RTL Elaboration Complete:  : Time (s): cpu = 00:00:10 ; elapsed = 00:00:19 . Memory (MB): peak = 2234.734 ; gain = 844.738 ; free physical = 3604 ; free virtual = 7207
5 Infos, 0 Warnings, 0 Critical Warnings and 0 Errors encountered.
synth_design completed successfully
synth_design: Time (s): cpu = 00:00:11 ; elapsed = 00:00:19 . Memory (MB): peak = 2234.734 ; gain = 844.738 ; free physical = 3604 ; free virtual = 7207
INFO: [Common 17-206] Exiting Vivado at Fri Mar 27 17:43:38 2020...
