01 00 1a 24 02 00 40 17 
00 00 00 00 ff ff ff ff 
00 00 04 24 64 00 05 24 
c8 00 84 ac 04 00 84 24 
fd ff 85 14 00 00 00 00 
00 00 04 24 c8 00 86 8c 
2c 01 86 ac 04 00 84 24 
fc ff 85 14 00 00 00 00 
00 00 04 24 2c 01 86 8c 
07 00 c4 14 00 00 00 00 
04 00 84 24 fb ff 85 14 
00 00 00 00 01 00 1a 24 
05 00 40 17 00 00 00 00 
01 00 04 24 01 00 1a 24 
02 00 40 17 00 00 00 00 
00 00 04 24 0c 00 04 ac 
01 00 1a 24 fe ff 40 17 
00 00 00 00 00 00 00 00 
00 00 20 01 01 01 00 01 
00 00 00 00 00 00 00 00 
01 00 00 00 00 00 00 00 
0x0000: 0x241a0001 0x17400002 0x00000000 0xffffffff
0x0010: 0x24040000 0x24050064 0xac8400c8 0x24840004
0x0020: 0x1485fffd 0x00000000 0x24040000 0x8c8600c8
0x0030: 0xac86012c 0x24840004 0x1485fffc 0x00000000
0x0040: 0x24040000 0x8c86012c 0x14c40007 0x00000000
0x0050: 0x24840004 0x1485fffb 0x00000000 0x241a0001
0x0060: 0x17400005 0x00000000 0x24040001 0x241a0001
0x0070: 0x17400002 0x00000000 0x24040000 0xac04000c
0x0080: 0x241a0001 0x1740fffe 0x00000000 0x00000000
0x0090: 0x01200000 0x01000101 0x00000000 0x00000000
0x00a0: 0x00000001 0x00000000 0x00000000 0x00000000
0x00b0: 0x00000000 0x00000000 0x00000000 0x00000000
0x00c0: 0x00000000 0x00000000 0x00000000 0x00000000
0x00d0: 0x00000000 0x00000000 0x00000000 0x00000000
0x00e0: 0x00000000 0x00000000 0x00000000 0x00000000
0x00f0: 0x00000000 0x00000000 0x00000000 0x00000000
0x0100: 0x00000000 0x00000000 0x00000000 0x00000000
0x0110: 0x00000000 0x00000000 0x00000000 0x00000000
0x0120: 0x00000000 0x00000000 0x00000000 0x00000000
0x0130: 0x00000000 0x00000000 0x00000000 0x00000000
0x0140: 0x00000000 0x00000000 0x00000000 0x00000000
0x0150: 0x00000000 0x00000000 0x00000000 0x00000000
0x0160: 0x00000000 0x00000000 0x00000000 0x00000000
0x0170: 0x00000000 0x00000000 0x00000000 0x00000000
0x0180: 0x00000000 0x00000000 0x00000000 0x00000000
0x0190: 0x00000000 0x00000000 0x00000000 0x00000000
0x01a0: 0x00000000 0x00000000 0x00000000 0x00000000
0x01b0: 0x00000000 0x00000000 0x00000000 0x00000000
0x01c0: 0x00000000 0x00000000 0x00000000 0x00000000
0x01d0: 0x00000000 0x00000000 0x00000000 0x00000000
0x01e0: 0x00000000 0x00000000 0x00000000 0x00000000
0x01f0: 0x00000000 0x00000000 0x00000000 0x00000000
0x0200: 0x00000000 0x00000000 0x00000000 0x00000000
0x0210: 0x00000000 0x00000000 0x00000000 0x00000000
0x0220: 0x00000000 0x00000000 0x00000000 0x00000000
0x0230: 0x00000000 0x00000000 0x00000000 0x00000000
0x0240: 0x00000000 0x00000000 0x00000000 0x00000000
0x0250: 0x00000000 0x00000000 0x00000000 0x00000000
0x0260: 0x00000000 0x00000000 0x00000000 0x00000000
0x0270: 0x00000000 0x00000000 0x00000000 0x00000000
0x0280: 0x00000000 0x00000000 0x00000000 0x00000000
0x0290: 0x00000000 0x00000000 0x00000000 0x00000000
0x02a0: 0x00000000 0x00000000 0x00000000 0x00000000
0x02b0: 0x00000000 0x00000000 0x00000000 0x00000000
0x02c0: 0x00000000 0x00000000 0x00000000 0x00000000
0x02d0: 0x00000000 0x00000000 0x00000000 0x00000000
0x02e0: 0x00000000 0x00000000 0x00000000 0x00000000
0x02f0: 0x00000000 0x00000000 0x00000000 0x00000000
0x0300: 0x00000000 0x00000000 0x00000000 0x00000000
0x0310: 0x00000000 0x00000000 0x00000000 0x00000000
0x0320: 0x00000000 0x00000000 0x00000000 0x00000000
0x0330: 0x00000000 0x00000000 0x00000000 0x00000000
0x0340: 0x00000000 0x00000000 0x00000000 0x00000000
0x0350: 0x00000000 0x00000000 0x00000000 0x00000000
0x0360: 0x00000000 0x00000000 0x00000000 0x00000000
0x0370: 0x00000000 0x00000000 0x00000000 0x00000000
0x0380: 0x00000000 0x00000000 0x00000000 0x00000000
0x0390: 0x00000000 0x00000000 0x00000000 0x00000000
0x03a0: 0x00000000 0x00000000 0x00000000 0x00000000
0x03b0: 0x00000000 0x00000000 0x00000000 0x00000000
0x03c0: 0x00000000 0x00000000 0x00000000 0x00000000
0x03d0: 0x00000000 0x00000000 0x00000000 0x00000000
0x03e0: 0x00000000 0x00000000 0x00000000 0x00000000
0x03f0: 0x00000000 0x00000000 0x00000000 0x00000000
0x0400: 0x00000000 0x00000000 0x00000000 0x00000000
0x0410: 0x00000000 0x00000000 0x00000000 0x00000000
0x0420: 0x00000000 0x00000000 0x00000000 0x00000000
0x0430: 0x00000000 0x00000000 0x00000000 0x00000000
0x0440: 0x00000000 0x00000000 0x00000000 0x00000000
0x0450: 0x00000000 0x00000000 0x00000000 0x00000000
0x0460: 0x00000000 0x00000000 0x00000000 0x00000000
0x0470: 0x00000000 0x00000000 0x00000000 0x00000000
0x0480: 0x00000000 0x00000000 0x00000000 0x00000000
0x0490: 0x00000000 0x00000000 0x00000000 0x00000000
0x04a0: 0x00000000 0x00000000 0x00000000 0x00000000
0x04b0: 0x00000000 0x00000000 0x00000000 0x00000000
0x04c0: 0x00000000 0x00000000 0x00000000 0x00000000
0x04d0: 0x00000000 0x00000000 0x00000000 0x00000000
0x04e0: 0x00000000 0x00000000 0x00000000 0x00000000
0x04f0: 0x00000000 0x00000000 0x00000000 0x00000000
0x0500: 0x00000000 0x00000000 0x00000000 0x00000000
0x0510: 0x00000000 0x00000000 0x00000000 0x00000000
0x0520: 0x00000000 0x00000000 0x00000000 0x00000000
0x0530: 0x00000000 0x00000000 0x00000000 0x00000000
0x0540: 0x00000000 0x00000000 0x00000000 0x00000000
0x0550: 0x00000000 0x00000000 0x00000000 0x00000000
0x0560: 0x00000000 0x00000000 0x00000000 0x00000000
0x0570: 0x00000000 0x00000000 0x00000000 0x00000000
0x0580: 0x00000000 0x00000000 0x00000000 0x00000000
0x0590: 0x00000000 0x00000000 0x00000000 0x00000000
0x05a0: 0x00000000 0x00000000 0x00000000 0x00000000
0x05b0: 0x00000000 0x00000000 0x00000000 0x00000000
0x05c0: 0x00000000 0x00000000 0x00000000 0x00000000
0x05d0: 0x00000000 0x00000000 0x00000000 0x00000000
0x05e0: 0x00000000 0x00000000 0x00000000 0x00000000
0x05f0: 0x00000000 0x00000000 0x00000000 0x00000000
0x0600: 0x00000000 0x00000000 0x00000000 0x00000000
0x0610: 0x00000000 0x00000000 0x00000000 0x00000000
0x0620: 0x00000000 0x00000000 0x00000000 0x00000000
0x0630: 0x00000000 0x00000000 0x00000000 0x00000000
0x0640: 0x00000000 0x00000000 0x00000000 0x00000000
0x0650: 0x00000000 0x00000000 0x00000000 0x00000000
0x0660: 0x00000000 0x00000000 0x00000000 0x00000000
0x0670: 0x00000000 0x00000000 0x00000000 0x00000000
0x0680: 0x00000000 0x00000000 0x00000000 0x00000000
0x0690: 0x00000000 0x00000000 0x00000000 0x00000000
0x06a0: 0x00000000 0x00000000 0x00000000 0x00000000
0x06b0: 0x00000000 0x00000000 0x00000000 0x00000000
0x06c0: 0x00000000 0x00000000 0x00000000 0x00000000
0x06d0: 0x00000000 0x00000000 0x00000000 0x00000000
0x06e0: 0x00000000 0x00000000 0x00000000 0x00000000
0x06f0: 0x00000000 0x00000000 0x00000000 0x00000000
0x0700: 0x00000000 0x00000000 0x00000000 0x00000000
0x0710: 0x00000000 0x00000000 0x00000000 0x00000000
0x0720: 0x00000000 0x00000000 0x00000000 0x00000000
0x0730: 0x00000000 0x00000000 0x00000000 0x00000000
0x0740: 0x00000000 0x00000000 0x00000000 0x00000000
0x0750: 0x00000000 0x00000000 0x00000000 0x00000000
0x0760: 0x00000000 0x00000000 0x00000000 0x00000000
0x0770: 0x00000000 0x00000000 0x00000000 0x00000000
0x0780: 0x00000000 0x00000000 0x00000000 0x00000000
0x0790: 0x00000000 0x00000000 0x00000000 0x00000000
0x07a0: 0x00000000 0x00000000 0x00000000 0x00000000
0x07b0: 0x00000000 0x00000000 0x00000000 0x00000000
0x07c0: 0x00000000 0x00000000 0x00000000 0x00000000
0x07d0: 0x00000000 0x00000000 0x00000000 0x00000000
0x07e0: 0x00000000 0x00000000 0x00000000 0x00000000
0x07f0: 0x00000000 0x00000000 0x00000000 0x00000000
0x0800: 0x00000000 0x00000000 0x00000000 0x00000000
0x0810: 0x00000000 0x00000000 0x00000000 0x00000000
0x0820: 0x00000000 0x00000000 0x00000000 0x00000000
0x0830: 0x00000000 0x00000000 0x00000000 0x00000000
0x0840: 0x00000000 0x00000000 0x00000000 0x00000000
0x0850: 0x00000000 0x00000000 0x00000000 0x00000000
0x0860: 0x00000000 0x00000000 0x00000000 0x00000000
0x0870: 0x00000000 0x00000000 0x00000000 0x00000000
0x0880: 0x00000000 0x00000000 0x00000000 0x00000000
0x0890: 0x00000000 0x00000000 0x00000000 0x00000000
0x08a0: 0x00000000 0x00000000 0x00000000 0x00000000
0x08b0: 0x00000000 0x00000000 0x00000000 0x00000000
0x08c0: 0x00000000 0x00000000 0x00000000 0x00000000
0x08d0: 0x00000000 0x00000000 0x00000000 0x00000000
0x08e0: 0x00000000 0x00000000 0x00000000 0x00000000
0x08f0: 0x00000000 0x00000000 0x00000000 0x00000000
0x0900: 0x00000000 0x00000000 0x00000000 0x00000000
0x0910: 0x00000000 0x00000000 0x00000000 0x00000000
0x0920: 0x00000000 0x00000000 0x00000000 0x00000000
0x0930: 0x00000000 0x00000000 0x00000000 0x00000000
0x0940: 0x00000000 0x00000000 0x00000000 0x00000000
0x0950: 0x00000000 0x00000000 0x00000000 0x00000000
0x0960: 0x00000000 0x00000000 0x00000000 0x00000000
0x0970: 0x00000000 0x00000000 0x00000000 0x00000000
0x0980: 0x00000000 0x00000000 0x00000000 0x00000000
0x0990: 0x00000000 0x00000000 0x00000000 0x00000000
0x09a0: 0x00000000 0x00000000 0x00000000 0x00000000
0x09b0: 0x00000000 0x00000000 0x00000000 0x00000000
0x09c0: 0x00000000 0x00000000 0x00000000 0x00000000
0x09d0: 0x00000000 0x00000000 0x00000000 0x00000000
0x09e0: 0x00000000 0x00000000 0x00000000 0x00000000
0x09f0: 0x00000000 0x00000000 0x00000000 0x00000000
0x0a00: 0x00000000 0x00000000 0x00000000 0x00000000
0x0a10: 0x00000000 0x00000000 0x00000000 0x00000000
0x0a20: 0x00000000 0x00000000 0x00000000 0x00000000
0x0a30: 0x00000000 0x00000000 0x00000000 0x00000000
0x0a40: 0x00000000 0x00000000 0x00000000 0x00000000
0x0a50: 0x00000000 0x00000000 0x00000000 0x00000000
0x0a60: 0x00000000 0x00000000 0x00000000 0x00000000
0x0a70: 0x00000000 0x00000000 0x00000000 0x00000000
0x0a80: 0x00000000 0x00000000 0x00000000 0x00000000
0x0a90: 0x00000000 0x00000000 0x00000000 0x00000000
0x0aa0: 0x00000000 0x00000000 0x00000000 0x00000000
0x0ab0: 0x00000000 0x00000000 0x00000000 0x00000000
0x0ac0: 0x00000000 0x00000000 0x00000000 0x00000000
0x0ad0: 0x00000000 0x00000000 0x00000000 0x00000000
0x0ae0: 0x00000000 0x00000000 0x00000000 0x00000000
0x0af0: 0x00000000 0x00000000 0x00000000 0x00000000
0x0b00: 0x00000000 0x00000000 0x00000000 0x00000000
0x0b10: 0x00000000 0x00000000 0x00000000 0x00000000
0x0b20: 0x00000000 0x00000000 0x00000000 0x00000000
0x0b30: 0x00000000 0x00000000 0x00000000 0x00000000
0x0b40: 0x00000000 0x00000000 0x00000000 0x00000000
0x0b50: 0x00000000 0x00000000 0x00000000 0x00000000
0x0b60: 0x00000000 0x00000000 0x00000000 0x00000000
0x0b70: 0x00000000 0x00000000 0x00000000 0x00000000
0x0b80: 0x00000000 0x00000000 0x00000000 0x00000000
0x0b90: 0x00000000 0x00000000 0x00000000 0x00000000
0x0ba0: 0x00000000 0x00000000 0x00000000 0x00000000
0x0bb0: 0x00000000 0x00000000 0x00000000 0x00000000
0x0bc0: 0x00000000 0x00000000 0x00000000 0x00000000
0x0bd0: 0x00000000 0x00000000 0x00000000 0x00000000
0x0be0: 0x00000000 0x00000000 0x00000000 0x00000000
0x0bf0: 0x00000000 0x00000000 0x00000000 0x00000000
0x0c00: 0x00000000 0x00000000 0x00000000 0x00000000
0x0c10: 0x00000000 0x00000000 0x00000000 0x00000000
0x0c20: 0x00000000 0x00000000 0x00000000 0x00000000
0x0c30: 0x00000000 0x00000000 0x00000000 0x00000000
0x0c40: 0x00000000 0x00000000 0x00000000 0x00000000
0x0c50: 0x00000000 0x00000000 0x00000000 0x00000000
0x0c60: 0x00000000 0x00000000 0x00000000 0x00000000
0x0c70: 0x00000000 0x00000000 0x00000000 0x00000000
0x0c80: 0x00000000 0x00000000 0x00000000 0x00000000
0x0c90: 0x00000000 0x00000000 0x00000000 0x00000000
0x0ca0: 0x00000000 0x00000000 0x00000000 0x00000000
0x0cb0: 0x00000000 0x00000000 0x00000000 0x00000000
0x0cc0: 0x00000000 0x00000000 0x00000000 0x00000000
0x0cd0: 0x00000000 0x00000000 0x00000000 0x00000000
0x0ce0: 0x00000000 0x00000000 0x00000000 0x00000000
0x0cf0: 0x00000000 0x00000000 0x00000000 0x00000000
0x0d00: 0x00000000 0x00000000 0x00000000 0x00000000
0x0d10: 0x00000000 0x00000000 0x00000000 0x00000000
0x0d20: 0x00000000 0x00000000 0x00000000 0x00000000
0x0d30: 0x00000000 0x00000000 0x00000000 0x00000000
0x0d40: 0x00000000 0x00000000 0x00000000 0x00000000
0x0d50: 0x00000000 0x00000000 0x00000000 0x00000000
0x0d60: 0x00000000 0x00000000 0x00000000 0x00000000
0x0d70: 0x00000000 0x00000000 0x00000000 0x00000000
0x0d80: 0x00000000 0x00000000 0x00000000 0x00000000
0x0d90: 0x00000000 0x00000000 0x00000000 0x00000000
0x0da0: 0x00000000 0x00000000 0x00000000 0x00000000
0x0db0: 0x00000000 0x00000000 0x00000000 0x00000000
0x0dc0: 0x00000000 0x00000000 0x00000000 0x00000000
0x0dd0: 0x00000000 0x00000000 0x00000000 0x00000000
0x0de0: 0x00000000 0x00000000 0x00000000 0x00000000
0x0df0: 0x00000000 0x00000000 0x00000000 0x00000000
0x0e00: 0x00000000 0x00000000 0x00000000 0x00000000
0x0e10: 0x00000000 0x00000000 0x00000000 0x00000000
0x0e20: 0x00000000 0x00000000 0x00000000 0x00000000
0x0e30: 0x00000000 0x00000000 0x00000000 0x00000000
0x0e40: 0x00000000 0x00000000 0x00000000 0x00000000
0x0e50: 0x00000000 0x00000000 0x00000000 0x00000000
0x0e60: 0x00000000 0x00000000 0x00000000 0x00000000
0x0e70: 0x00000000 0x00000000 0x00000000 0x00000000
0x0e80: 0x00000000 0x00000000 0x00000000 0x00000000
0x0e90: 0x00000000 0x00000000 0x00000000 0x00000000
0x0ea0: 0x00000000 0x00000000 0x00000000 0x00000000
0x0eb0: 0x00000000 0x00000000 0x00000000 0x00000000
0x0ec0: 0x00000000 0x00000000 0x00000000 0x00000000
0x0ed0: 0x00000000 0x00000000 0x00000000 0x00000000
0x0ee0: 0x00000000 0x00000000 0x00000000 0x00000000
0x0ef0: 0x00000000 0x00000000 0x00000000 0x00000000
0x0f00: 0x00000000 0x00000000 0x00000000 0x00000000
0x0f10: 0x00000000 0x00000000 0x00000000 0x00000000
0x0f20: 0x00000000 0x00000000 0x00000000 0x00000000
0x0f30: 0x00000000 0x00000000 0x00000000 0x00000000
0x0f40: 0x00000000 0x00000000 0x00000000 0x00000000
0x0f50: 0x00000000 0x00000000 0x00000000 0x00000000
0x0f60: 0x00000000 0x00000000 0x00000000 0x00000000
0x0f70: 0x00000000 0x00000000 0x00000000 0x00000000
0x0f80: 0x00000000 0x00000000 0x00000000 0x00000000
0x0f90: 0x00000000 0x00000000 0x00000000 0x00000000
0x0fa0: 0x00000000 0x00000000 0x00000000 0x00000000
0x0fb0: 0x00000000 0x00000000 0x00000000 0x00000000
0x0fc0: 0x00000000 0x00000000 0x00000000 0x00000000
0x0fd0: 0x00000000 0x00000000 0x00000000 0x00000000
0x0fe0: 0x00000000 0x00000000 0x00000000 0x00000000
0x0ff0: 0x00000000 0x00000000 0x00000000 0x00000000
0x1000: 0x00000000 0x00000000 0x00000000 0x00000000
0x1010: 0x00000000 0x00000000 0x00000000 0x00000000
0x1020: 0x00000000 0x00000000 0x00000000 0x00000000
0x1030: 0x00000000 0x00000000 0x00000000 0x00000000
0x1040: 0x00000000 0x00000000 0x00000000 0x00000000
0x1050: 0x00000000 0x00000000 0x00000000 0x00000000
0x1060: 0x00000000 0x00000000 0x00000000 0x00000000
0x1070: 0x00000000 0x00000000 0x00000000 0x00000000
0x1080: 0x00000000 0x00000000 0x00000000 0x00000000
0x1090: 0x00000000 0x00000000 0x00000000 0x00000000
0x10a0: 0x00000000 0x00000000 0x00000000 0x00000000
0x10b0: 0x00000000 0x00000000 0x00000000 0x00000000
0x10c0: 0x00000000 0x00000000 0x00000000 0x00000000
0x10d0: 0x00000000 0x00000000 0x00000000 0x00000000
0x10e0: 0x00000000 0x00000000 0x00000000 0x00000000
0x10f0: 0x00000000 0x00000000 0x00000000 0x00000000
0x1100: 0x00000000 0x00000000 0x00000000 0x00000000
0x1110: 0x00000000 0x00000000 0x00000000 0x00000000
0x1120: 0x00000000 0x00000000 0x00000000 0x00000000
0x1130: 0x00000000 0x00000000 0x00000000 0x00000000
0x1140: 0x00000000 0x00000000 0x00000000 0x00000000
0x1150: 0x00000000 0x00000000 0x00000000 0x00000000
0x1160: 0x00000000 0x00000000 0x00000000 0x00000000
0x1170: 0x00000000 0x00000000 0x00000000 0x00000000
0x1180: 0x00000000 0x00000000 0x00000000 0x00000000
0x1190: 0x00000000 0x00000000 0x00000000 0x00000000
0x11a0: 0x00000000 0x00000000 0x00000000 0x00000000
0x11b0: 0x00000000 0x00000000 0x00000000 0x00000000
0x11c0: 0x00000000 0x00000000 0x00000000 0x00000000
0x11d0: 0x00000000 0x00000000 0x00000000 0x00000000
0x11e0: 0x00000000 0x00000000 0x00000000 0x00000000
0x11f0: 0x00000000 0x00000000 0x00000000 0x00000000
0x1200: 0x00000000 0x00000000 0x00000000 0x00000000
0x1210: 0x00000000 0x00000000 0x00000000 0x00000000
0x1220: 0x00000000 0x00000000 0x00000000 0x00000000
0x1230: 0x00000000 0x00000000 0x00000000 0x00000000
0x1240: 0x00000000 0x00000000 0x00000000 0x00000000
0x1250: 0x00000000 0x00000000 0x00000000 0x00000000
0x1260: 0x00000000 0x00000000 0x00000000 0x00000000
0x1270: 0x00000000 0x00000000 0x00000000 0x00000000
0x1280: 0x00000000 0x00000000 0x00000000 0x00000000
0x1290: 0x00000000 0x00000000 0x00000000 0x00000000
0x12a0: 0x00000000 0x00000000 0x00000000 0x00000000
0x12b0: 0x00000000 0x00000000 0x00000000 0x00000000
0x12c0: 0x00000000 0x00000000 0x00000000 0x00000000
0x12d0: 0x00000000 0x00000000 0x00000000 0x00000000
0x12e0: 0x00000000 0x00000000 0x00000000 0x00000000
0x12f0: 0x00000000 0x00000000 0x00000000 0x00000000
0x1300: 0x00000000 0x00000000 0x00000000 0x00000000
0x1310: 0x00000000 0x00000000 0x00000000 0x00000000
0x1320: 0x00000000 0x00000000 0x00000000 0x00000000
0x1330: 0x00000000 0x00000000 0x00000000 0x00000000
0x1340: 0x00000000 0x00000000 0x00000000 0x00000000
0x1350: 0x00000000 0x00000000 0x00000000 0x00000000
0x1360: 0x00000000 0x00000000 0x00000000 0x00000000
0x1370: 0x00000000 0x00000000 0x00000000 0x00000000
0x1380: 0x00000000 0x00000000 0x00000000 0x00000000
0x1390: 0x00000000 0x00000000 0x00000000 0x00000000
0x13a0: 0x00000000 0x00000000 0x00000000 0x00000000
0x13b0: 0x00000000 0x00000000 0x00000000 0x00000000
0x13c0: 0x00000000 0x00000000 0x00000000 0x00000000
0x13d0: 0x00000000 0x00000000 0x00000000 0x00000000
0x13e0: 0x00000000 0x00000000 0x00000000 0x00000000
0x13f0: 0x00000000 0x00000000 0x00000000 0x00000000
0x1400: 0x00000000 0x00000000 0x00000000 0x00000000
0x1410: 0x00000000 0x00000000 0x00000000 0x00000000
0x1420: 0x00000000 0x00000000 0x00000000 0x00000000
0x1430: 0x00000000 0x00000000 0x00000000 0x00000000
0x1440: 0x00000000 0x00000000 0x00000000 0x00000000
0x1450: 0x00000000 0x00000000 0x00000000 0x00000000
0x1460: 0x00000000 0x00000000 0x00000000 0x00000000
0x1470: 0x00000000 0x00000000 0x00000000 0x00000000
0x1480: 0x00000000 0x00000000 0x00000000 0x00000000
0x1490: 0x00000000 0x00000000 0x00000000 0x00000000
0x14a0: 0x00000000 0x00000000 0x00000000 0x00000000
0x14b0: 0x00000000 0x00000000 0x00000000 0x00000000
0x14c0: 0x00000000 0x00000000 0x00000000 0x00000000
0x14d0: 0x00000000 0x00000000 0x00000000 0x00000000
0x14e0: 0x00000000 0x00000000 0x00000000 0x00000000
0x14f0: 0x00000000 0x00000000 0x00000000 0x00000000
0x1500: 0x00000000 0x00000000 0x00000000 0x00000000
0x1510: 0x00000000 0x00000000 0x00000000 0x00000000
0x1520: 0x00000000 0x00000000 0x00000000 0x00000000
0x1530: 0x00000000 0x00000000 0x00000000 0x00000000
0x1540: 0x00000000 0x00000000 0x00000000 0x00000000
0x1550: 0x00000000 0x00000000 0x00000000 0x00000000
0x1560: 0x00000000 0x00000000 0x00000000 0x00000000
0x1570: 0x00000000 0x00000000 0x00000000 0x00000000
0x1580: 0x00000000 0x00000000 0x00000000 0x00000000
0x1590: 0x00000000 0x00000000 0x00000000 0x00000000
0x15a0: 0x00000000 0x00000000 0x00000000 0x00000000
0x15b0: 0x00000000 0x00000000 0x00000000 0x00000000
0x15c0: 0x00000000 0x00000000 0x00000000 0x00000000
0x15d0: 0x00000000 0x00000000 0x00000000 0x00000000
0x15e0: 0x00000000 0x00000000 0x00000000 0x00000000
0x15f0: 0x00000000 0x00000000 0x00000000 0x00000000
0x1600: 0x00000000 0x00000000 0x00000000 0x00000000
0x1610: 0x00000000 0x00000000 0x00000000 0x00000000
0x1620: 0x00000000 0x00000000 0x00000000 0x00000000
0x1630: 0x00000000 0x00000000 0x00000000 0x00000000
0x1640: 0x00000000 0x00000000 0x00000000 0x00000000
0x1650: 0x00000000 0x00000000 0x00000000 0x00000000
0x1660: 0x00000000 0x00000000 0x00000000 0x00000000
0x1670: 0x00000000 0x00000000 0x00000000 0x00000000
0x1680: 0x00000000 0x00000000 0x00000000 0x00000000
0x1690: 0x00000000 0x00000000 0x00000000 0x00000000
0x16a0: 0x00000000 0x00000000 0x00000000 0x00000000
0x16b0: 0x00000000 0x00000000 0x00000000 0x00000000
0x16c0: 0x00000000 0x00000000 0x00000000 0x00000000
0x16d0: 0x00000000 0x00000000 0x00000000 0x00000000
0x16e0: 0x00000000 0x00000000 0x00000000 0x00000000
0x16f0: 0x00000000 0x00000000 0x00000000 0x00000000
0x1700: 0x00000000 0x00000000 0x00000000 0x00000000
0x1710: 0x00000000 0x00000000 0x00000000 0x00000000
0x1720: 0x00000000 0x00000000 0x00000000 0x00000000
0x1730: 0x00000000 0x00000000 0x00000000 0x00000000
0x1740: 0x00000000 0x00000000 0x00000000 0x00000000
0x1750: 0x00000000 0x00000000 0x00000000 0x00000000
0x1760: 0x00000000 0x00000000 0x00000000 0x00000000
0x1770: 0x00000000 0x00000000 0x00000000 0x00000000
0x1780: 0x00000000 0x00000000 0x00000000 0x00000000
0x1790: 0x00000000 0x00000000 0x00000000 0x00000000
0x17a0: 0x00000000 0x00000000 0x00000000 0x00000000
0x17b0: 0x00000000 0x00000000 0x00000000 0x00000000
0x17c0: 0x00000000 0x00000000 0x00000000 0x00000000
0x17d0: 0x00000000 0x00000000 0x00000000 0x00000000
0x17e0: 0x00000000 0x00000000 0x00000000 0x00000000
0x17f0: 0x00000000 0x00000000 0x00000000 0x00000000
0x1800: 0x00000000 0x00000000 0x00000000 0x00000000
0x1810: 0x00000000 0x00000000 0x00000000 0x00000000
0x1820: 0x00000000 0x00000000 0x00000000 0x00000000
0x1830: 0x00000000 0x00000000 0x00000000 0x00000000
0x1840: 0x00000000 0x00000000 0x00000000 0x00000000
0x1850: 0x00000000 0x00000000 0x00000000 0x00000000
0x1860: 0x00000000 0x00000000 0x00000000 0x00000000
0x1870: 0x00000000 0x00000000 0x00000000 0x00000000
0x1880: 0x00000000 0x00000000 0x00000000 0x00000000
0x1890: 0x00000000 0x00000000 0x00000000 0x00000000
0x18a0: 0x00000000 0x00000000 0x00000000 0x00000000
0x18b0: 0x00000000 0x00000000 0x00000000 0x00000000
0x18c0: 0x00000000 0x00000000 0x00000000 0x00000000
0x18d0: 0x00000000 0x00000000 0x00000000 0x00000000
0x18e0: 0x00000000 0x00000000 0x00000000 0x00000000
0x18f0: 0x00000000 0x00000000 0x00000000 0x00000000
0x1900: 0x00000000 0x00000000 0x00000000 0x00000000
0x1910: 0x00000000 0x00000000 0x00000000 0x00000000
0x1920: 0x00000000 0x00000000 0x00000000 0x00000000
0x1930: 0x00000000 0x00000000 0x00000000 0x00000000
0x1940: 0x00000000 0x00000000 0x00000000 0x00000000
0x1950: 0x00000000 0x00000000 0x00000000 0x00000000
0x1960: 0x00000000 0x00000000 0x00000000 0x00000000
0x1970: 0x00000000 0x00000000 0x00000000 0x00000000
0x1980: 0x00000000 0x00000000 0x00000000 0x00000000
0x1990: 0x00000000 0x00000000 0x00000000 0x00000000
0x19a0: 0x00000000 0x00000000 0x00000000 0x00000000
0x19b0: 0x00000000 0x00000000 0x00000000 0x00000000
0x19c0: 0x00000000 0x00000000 0x00000000 0x00000000
0x19d0: 0x00000000 0x00000000 0x00000000 0x00000000
0x19e0: 0x00000000 0x00000000 0x00000000 0x00000000
0x19f0: 0x00000000 0x00000000 0x00000000 0x00000000
0x1a00: 0x00000000 0x00000000 0x00000000 0x00000000
0x1a10: 0x00000000 0x00000000 0x00000000 0x00000000
0x1a20: 0x00000000 0x00000000 0x00000000 0x00000000
0x1a30: 0x00000000 0x00000000 0x00000000 0x00000000
0x1a40: 0x00000000 0x00000000 0x00000000 0x00000000
0x1a50: 0x00000000 0x00000000 0x00000000 0x00000000
0x1a60: 0x00000000 0x00000000 0x00000000 0x00000000
0x1a70: 0x00000000 0x00000000 0x00000000 0x00000000
0x1a80: 0x00000000 0x00000000 0x00000000 0x00000000
0x1a90: 0x00000000 0x00000000 0x00000000 0x00000000
0x1aa0: 0x00000000 0x00000000 0x00000000 0x00000000
0x1ab0: 0x00000000 0x00000000 0x00000000 0x00000000
0x1ac0: 0x00000000 0x00000000 0x00000000 0x00000000
0x1ad0: 0x00000000 0x00000000 0x00000000 0x00000000
0x1ae0: 0x00000000 0x00000000 0x00000000 0x00000000
0x1af0: 0x00000000 0x00000000 0x00000000 0x00000000
0x1b00: 0x00000000 0x00000000 0x00000000 0x00000000
0x1b10: 0x00000000 0x00000000 0x00000000 0x00000000
0x1b20: 0x00000000 0x00000000 0x00000000 0x00000000
0x1b30: 0x00000000 0x00000000 0x00000000 0x00000000
0x1b40: 0x00000000 0x00000000 0x00000000 0x00000000
0x1b50: 0x00000000 0x00000000 0x00000000 0x00000000
0x1b60: 0x00000000 0x00000000 0x00000000 0x00000000
0x1b70: 0x00000000 0x00000000 0x00000000 0x00000000
0x1b80: 0x00000000 0x00000000 0x00000000 0x00000000
0x1b90: 0x00000000 0x00000000 0x00000000 0x00000000
0x1ba0: 0x00000000 0x00000000 0x00000000 0x00000000
0x1bb0: 0x00000000 0x00000000 0x00000000 0x00000000
0x1bc0: 0x00000000 0x00000000 0x00000000 0x00000000
0x1bd0: 0x00000000 0x00000000 0x00000000 0x00000000
0x1be0: 0x00000000 0x00000000 0x00000000 0x00000000
0x1bf0: 0x00000000 0x00000000 0x00000000 0x00000000
0x1c00: 0x00000000 0x00000000 0x00000000 0x00000000
0x1c10: 0x00000000 0x00000000 0x00000000 0x00000000
0x1c20: 0x00000000 0x00000000 0x00000000 0x00000000
0x1c30: 0x00000000 0x00000000 0x00000000 0x00000000
0x1c40: 0x00000000 0x00000000 0x00000000 0x00000000
0x1c50: 0x00000000 0x00000000 0x00000000 0x00000000
0x1c60: 0x00000000 0x00000000 0x00000000 0x00000000
0x1c70: 0x00000000 0x00000000 0x00000000 0x00000000
0x1c80: 0x00000000 0x00000000 0x00000000 0x00000000
0x1c90: 0x00000000 0x00000000 0x00000000 0x00000000
0x1ca0: 0x00000000 0x00000000 0x00000000 0x00000000
0x1cb0: 0x00000000 0x00000000 0x00000000 0x00000000
0x1cc0: 0x00000000 0x00000000 0x00000000 0x00000000
0x1cd0: 0x00000000 0x00000000 0x00000000 0x00000000
0x1ce0: 0x00000000 0x00000000 0x00000000 0x00000000
0x1cf0: 0x00000000 0x00000000 0x00000000 0x00000000
0x1d00: 0x00000000 0x00000000 0x00000000 0x00000000
0x1d10: 0x00000000 0x00000000 0x00000000 0x00000000
0x1d20: 0x00000000 0x00000000 0x00000000 0x00000000
0x1d30: 0x00000000 0x00000000 0x00000000 0x00000000
0x1d40: 0x00000000 0x00000000 0x00000000 0x00000000
0x1d50: 0x00000000 0x00000000 0x00000000 0x00000000
0x1d60: 0x00000000 0x00000000 0x00000000 0x00000000
0x1d70: 0x00000000 0x00000000 0x00000000 0x00000000
0x1d80: 0x00000000 0x00000000 0x00000000 0x00000000
0x1d90: 0x00000000 0x00000000 0x00000000 0x00000000
0x1da0: 0x00000000 0x00000000 0x00000000 0x00000000
0x1db0: 0x00000000 0x00000000 0x00000000 0x00000000
0x1dc0: 0x00000000 0x00000000 0x00000000 0x00000000
0x1dd0: 0x00000000 0x00000000 0x00000000 0x00000000
0x1de0: 0x00000000 0x00000000 0x00000000 0x00000000
0x1df0: 0x00000000 0x00000000 0x00000000 0x00000000
0x1e00: 0x00000000 0x00000000 0x00000000 0x00000000
0x1e10: 0x00000000 0x00000000 0x00000000 0x00000000
0x1e20: 0x00000000 0x00000000 0x00000000 0x00000000
0x1e30: 0x00000000 0x00000000 0x00000000 0x00000000
0x1e40: 0x00000000 0x00000000 0x00000000 0x00000000
0x1e50: 0x00000000 0x00000000 0x00000000 0x00000000
0x1e60: 0x00000000 0x00000000 0x00000000 0x00000000
0x1e70: 0x00000000 0x00000000 0x00000000 0x00000000
0x1e80: 0x00000000 0x00000000 0x00000000 0x00000000
0x1e90: 0x00000000 0x00000000 0x00000000 0x00000000
0x1ea0: 0x00000000 0x00000000 0x00000000 0x00000000
0x1eb0: 0x00000000 0x00000000 0x00000000 0x00000000
0x1ec0: 0x00000000 0x00000000 0x00000000 0x00000000
0x1ed0: 0x00000000 0x00000000 0x00000000 0x00000000
0x1ee0: 0x00000000 0x00000000 0x00000000 0x00000000
0x1ef0: 0x00000000 0x00000000 0x00000000 0x00000000
0x1f00: 0x00000000 0x00000000 0x00000000 0x00000000
0x1f10: 0x00000000 0x00000000 0x00000000 0x00000000
0x1f20: 0x00000000 0x00000000 0x00000000 0x00000000
0x1f30: 0x00000000 0x00000000 0x00000000 0x00000000
0x1f40: 0x00000000 0x00000000 0x00000000 0x00000000
0x1f50: 0x00000000 0x00000000 0x00000000 0x00000000
0x1f60: 0x00000000 0x00000000 0x00000000 0x00000000
0x1f70: 0x00000000 0x00000000 0x00000000 0x00000000
0x1f80: 0x00000000 0x00000000 0x00000000 0x00000000
0x1f90: 0x00000000 0x00000000 0x00000000 0x00000000
0x1fa0: 0x00000000 0x00000000 0x00000000 0x00000000
0x1fb0: 0x00000000 0x00000000 0x00000000 0x00000000
0x1fc0: 0x00000000 0x00000000 0x00000000 0x00000000
0x1fd0: 0x00000000 0x00000000 0x00000000 0x00000000
0x1fe0: 0x00000000 0x00000000 0x00000000 0x00000000
0x1ff0: 0x00000000 0x00000000 0x00000000 0x00000000
0x2000: 0x00000000 0x00000000 0x00000000 0x00000000
0x2010: 0x00000000 0x00000000 0x00000000 0x00000000
0x2020: 0x00000000 0x00000000 0x00000000 0x00000000
0x2030: 0x00000000 0x00000000 0x00000000 0x00000000
0x2040: 0x00000000 0x00000000 0x00000000 0x00000000
0x2050: 0x00000000 0x00000000 0x00000000 0x00000000
0x2060: 0x00000000 0x00000000 0x00000000 0x00000000
0x2070: 0x00000000 0x00000000 0x00000000 0x00000000
0x2080: 0x00000000 0x00000000 0x00000000 0x00000000
0x2090: 0x00000000 0x00000000 0x00000000 0x00000000
0x20a0: 0x00000000 0x00000000 0x00000000 0x00000000
0x20b0: 0x00000000 0x00000000 0x00000000 0x00000000
0x20c0: 0x00000000 0x00000000 0x00000000 0x00000000
0x20d0: 0x00000000 0x00000000 0x00000000 0x00000000
0x20e0: 0x00000000 0x00000000 0x00000000 0x00000000
0x20f0: 0x00000000 0x00000000 0x00000000 0x00000000
0x2100: 0x00000000 0x00000000 0x00000000 0x00000000
0x2110: 0x00000000 0x00000000 0x00000000 0x00000000
0x2120: 0x00000000 0x00000000 0x00000000 0x00000000
0x2130: 0x00000000 0x00000000 0x00000000 0x00000000
0x2140: 0x00000000 0x00000000 0x00000000 0x00000000
0x2150: 0x00000000 0x00000000 0x00000000 0x00000000
0x2160: 0x00000000 0x00000000 0x00000000 0x00000000
0x2170: 0x00000000 0x00000000 0x00000000 0x00000000
0x2180: 0x00000000 0x00000000 0x00000000 0x00000000
0x2190: 0x00000000 0x00000000 0x00000000 0x00000000
0x21a0: 0x00000000 0x00000000 0x00000000 0x00000000
0x21b0: 0x00000000 0x00000000 0x00000000 0x00000000
0x21c0: 0x00000000 0x00000000 0x00000000 0x00000000
0x21d0: 0x00000000 0x00000000 0x00000000 0x00000000
0x21e0: 0x00000000 0x00000000 0x00000000 0x00000000
0x21f0: 0x00000000 0x00000000 0x00000000 0x00000000
0x2200: 0x00000000 0x00000000 0x00000000 0x00000000
0x2210: 0x00000000 0x00000000 0x00000000 0x00000000
0x2220: 0x00000000 0x00000000 0x00000000 0x00000000
0x2230: 0x00000000 0x00000000 0x00000000 0x00000000
0x2240: 0x00000000 0x00000000 0x00000000 0x00000000
0x2250: 0x00000000 0x00000000 0x00000000 0x00000000
0x2260: 0x00000000 0x00000000 0x00000000 0x00000000
0x2270: 0x00000000 0x00000000 0x00000000 0x00000000
0x2280: 0x00000000 0x00000000 0x00000000 0x00000000
0x2290: 0x00000000 0x00000000 0x00000000 0x00000000
0x22a0: 0x00000000 0x00000000 0x00000000 0x00000000
0x22b0: 0x00000000 0x00000000 0x00000000 0x00000000
0x22c0: 0x00000000 0x00000000 0x00000000 0x00000000
0x22d0: 0x00000000 0x00000000 0x00000000 0x00000000
0x22e0: 0x00000000 0x00000000 0x00000000 0x00000000
0x22f0: 0x00000000 0x00000000 0x00000000 0x00000000
0x2300: 0x00000000 0x00000000 0x00000000 0x00000000
0x2310: 0x00000000 0x00000000 0x00000000 0x00000000
0x2320: 0x00000000 0x00000000 0x00000000 0x00000000
0x2330: 0x00000000 0x00000000 0x00000000 0x00000000
0x2340: 0x00000000 0x00000000 0x00000000 0x00000000
0x2350: 0x00000000 0x00000000 0x00000000 0x00000000
0x2360: 0x00000000 0x00000000 0x00000000 0x00000000
0x2370: 0x00000000 0x00000000 0x00000000 0x00000000
0x2380: 0x00000000 0x00000000 0x00000000 0x00000000
0x2390: 0x00000000 0x00000000 0x00000000 0x00000000
0x23a0: 0x00000000 0x00000000 0x00000000 0x00000000
0x23b0: 0x00000000 0x00000000 0x00000000 0x00000000
0x23c0: 0x00000000 0x00000000 0x00000000 0x00000000
0x23d0: 0x00000000 0x00000000 0x00000000 0x00000000
0x23e0: 0x00000000 0x00000000 0x00000000 0x00000000
0x23f0: 0x00000000 0x00000000 0x00000000 0x00000000
0x2400: 0x00000000 0x00000000 0x00000000 0x00000000
0x2410: 0x00000000 0x00000000 0x00000000 0x00000000
0x2420: 0x00000000 0x00000000 0x00000000 0x00000000
0x2430: 0x00000000 0x00000000 0x00000000 0x00000000
0x2440: 0x00000000 0x00000000 0x00000000 0x00000000
0x2450: 0x00000000 0x00000000 0x00000000 0x00000000
0x2460: 0x00000000 0x00000000 0x00000000 0x00000000
0x2470: 0x00000000 0x00000000 0x00000000 0x00000000
0x2480: 0x00000000 0x00000000 0x00000000 0x00000000
0x2490: 0x00000000 0x00000000 0x00000000 0x00000000
0x24a0: 0x00000000 0x00000000 0x00000000 0x00000000
0x24b0: 0x00000000 0x00000000 0x00000000 0x00000000
0x24c0: 0x00000000 0x00000000 0x00000000 0x00000000
0x24d0: 0x00000000 0x00000000 0x00000000 0x00000000
0x24e0: 0x00000000 0x00000000 0x00000000 0x00000000
0x24f0: 0x00000000 0x00000000 0x00000000 0x00000000
0x2500: 0x00000000 0x00000000 0x00000000 0x00000000
0x2510: 0x00000000 0x00000000 0x00000000 0x00000000
0x2520: 0x00000000 0x00000000 0x00000000 0x00000000
0x2530: 0x00000000 0x00000000 0x00000000 0x00000000
0x2540: 0x00000000 0x00000000 0x00000000 0x00000000
0x2550: 0x00000000 0x00000000 0x00000000 0x00000000
0x2560: 0x00000000 0x00000000 0x00000000 0x00000000
0x2570: 0x00000000 0x00000000 0x00000000 0x00000000
0x2580: 0x00000000 0x00000000 0x00000000 0x00000000
0x2590: 0x00000000 0x00000000 0x00000000 0x00000000
0x25a0: 0x00000000 0x00000000 0x00000000 0x00000000
0x25b0: 0x00000000 0x00000000 0x00000000 0x00000000
0x25c0: 0x00000000 0x00000000 0x00000000 0x00000000
0x25d0: 0x00000000 0x00000000 0x00000000 0x00000000
0x25e0: 0x00000000 0x00000000 0x00000000 0x00000000
0x25f0: 0x00000000 0x00000000 0x00000000 0x00000000
0x2600: 0x00000000 0x00000000 0x00000000 0x00000000
0x2610: 0x00000000 0x00000000 0x00000000 0x00000000
0x2620: 0x00000000 0x00000000 0x00000000 0x00000000
0x2630: 0x00000000 0x00000000 0x00000000 0x00000000
0x2640: 0x00000000 0x00000000 0x00000000 0x00000000
0x2650: 0x00000000 0x00000000 0x00000000 0x00000000
0x2660: 0x00000000 0x00000000 0x00000000 0x00000000
0x2670: 0x00000000 0x00000000 0x00000000 0x00000000
0x2680: 0x00000000 0x00000000 0x00000000 0x00000000
0x2690: 0x00000000 0x00000000 0x00000000 0x00000000
0x26a0: 0x00000000 0x00000000 0x00000000 0x00000000
0x26b0: 0x00000000 0x00000000 0x00000000 0x00000000
0x26c0: 0x00000000 0x00000000 0x00000000 0x00000000
0x26d0: 0x00000000 0x00000000 0x00000000 0x00000000
0x26e0: 0x00000000 0x00000000 0x00000000 0x00000000
0x26f0: 0x00000000 0x00000000 0x00000000 0x00000000
0x2700: 0x00000000 0x00000000 0x00000000 0x00000000
0x2710: 0x00000000 0x00000000 0x00000000 0x00000000
0x2720: 0x00000000 0x00000000 0x00000000 0x00000000
0x2730: 0x00000000 0x00000000 0x00000000 0x00000000
0x2740: 0x00000000 0x00000000 0x00000000 0x00000000
0x2750: 0x00000000 0x00000000 0x00000000 0x00000000
0x2760: 0x00000000 0x00000000 0x00000000 0x00000000
0x2770: 0x00000000 0x00000000 0x00000000 0x00000000
0x2780: 0x00000000 0x00000000 0x00000000 0x00000000
0x2790: 0x00000000 0x00000000 0x00000000 0x00000000
0x27a0: 0x00000000 0x00000000 0x00000000 0x00000000
0x27b0: 0x00000000 0x00000000 0x00000000 0x00000000
0x27c0: 0x00000000 0x00000000 0x00000000 0x00000000
0x27d0: 0x00000000 0x00000000 0x00000000 0x00000000
0x27e0: 0x00000000 0x00000000 0x00000000 0x00000000
0x27f0: 0x00000000 0x00000000 0x00000000 0x00000000
0x2800: 0x00000000 0x00000000 0x00000000 0x00000000
0x2810: 0x00000000 0x00000000 0x00000000 0x00000000
0x2820: 0x00000000 0x00000000 0x00000000 0x00000000
0x2830: 0x00000000 0x00000000 0x00000000 0x00000000
0x2840: 0x00000000 0x00000000 0x00000000 0x00000000
0x2850: 0x00000000 0x00000000 0x00000000 0x00000000
0x2860: 0x00000000 0x00000000 0x00000000 0x00000000
0x2870: 0x00000000 0x00000000 0x00000000 0x00000000
0x2880: 0x00000000 0x00000000 0x00000000 0x00000000
0x2890: 0x00000000 0x00000000 0x00000000 0x00000000
0x28a0: 0x00000000 0x00000000 0x00000000 0x00000000
0x28b0: 0x00000000 0x00000000 0x00000000 0x00000000
0x28c0: 0x00000000 0x00000000 0x00000000 0x00000000
0x28d0: 0x00000000 0x00000000 0x00000000 0x00000000
0x28e0: 0x00000000 0x00000000 0x00000000 0x00000000
0x28f0: 0x00000000 0x00000000 0x00000000 0x00000000
0x2900: 0x00000000 0x00000000 0x00000000 0x00000000
0x2910: 0x00000000 0x00000000 0x00000000 0x00000000
0x2920: 0x00000000 0x00000000 0x00000000 0x00000000
0x2930: 0x00000000 0x00000000 0x00000000 0x00000000
0x2940: 0x00000000 0x00000000 0x00000000 0x00000000
0x2950: 0x00000000 0x00000000 0x00000000 0x00000000
0x2960: 0x00000000 0x00000000 0x00000000 0x00000000
0x2970: 0x00000000 0x00000000 0x00000000 0x00000000
0x2980: 0x00000000 0x00000000 0x00000000 0x00000000
0x2990: 0x00000000 0x00000000 0x00000000 0x00000000
0x29a0: 0x00000000 0x00000000 0x00000000 0x00000000
0x29b0: 0x00000000 0x00000000 0x00000000 0x00000000
0x29c0: 0x00000000 0x00000000 0x00000000 0x00000000
0x29d0: 0x00000000 0x00000000 0x00000000 0x00000000
0x29e0: 0x00000000 0x00000000 0x00000000 0x00000000
0x29f0: 0x00000000 0x00000000 0x00000000 0x00000000
0x2a00: 0x00000000 0x00000000 0x00000000 0x00000000
0x2a10: 0x00000000 0x00000000 0x00000000 0x00000000
0x2a20: 0x00000000 0x00000000 0x00000000 0x00000000
0x2a30: 0x00000000 0x00000000 0x00000000 0x00000000
0x2a40: 0x00000000 0x00000000 0x00000000 0x00000000
0x2a50: 0x00000000 0x00000000 0x00000000 0x00000000
0x2a60: 0x00000000 0x00000000 0x00000000 0x00000000
0x2a70: 0x00000000 0x00000000 0x00000000 0x00000000
0x2a80: 0x00000000 0x00000000 0x00000000 0x00000000
0x2a90: 0x00000000 0x00000000 0x00000000 0x00000000
0x2aa0: 0x00000000 0x00000000 0x00000000 0x00000000
0x2ab0: 0x00000000 0x00000000 0x00000000 0x00000000
0x2ac0: 0x00000000 0x00000000 0x00000000 0x00000000
0x2ad0: 0x00000000 0x00000000 0x00000000 0x00000000
0x2ae0: 0x00000000 0x00000000 0x00000000 0x00000000
0x2af0: 0x00000000 0x00000000 0x00000000 0x00000000
0x2b00: 0x00000000 0x00000000 0x00000000 0x00000000
0x2b10: 0x00000000 0x00000000 0x00000000 0x00000000
0x2b20: 0x00000000 0x00000000 0x00000000 0x00000000
0x2b30: 0x00000000 0x00000000 0x00000000 0x00000000
0x2b40: 0x00000000 0x00000000 0x00000000 0x00000000
0x2b50: 0x00000000 0x00000000 0x00000000 0x00000000
0x2b60: 0x00000000 0x00000000 0x00000000 0x00000000
0x2b70: 0x00000000 0x00000000 0x00000000 0x00000000
0x2b80: 0x00000000 0x00000000 0x00000000 0x00000000
0x2b90: 0x00000000 0x00000000 0x00000000 0x00000000
0x2ba0: 0x00000000 0x00000000 0x00000000 0x00000000
0x2bb0: 0x00000000 0x00000000 0x00000000 0x00000000
0x2bc0: 0x00000000 0x00000000 0x00000000 0x00000000
0x2bd0: 0x00000000 0x00000000 0x00000000 0x00000000
0x2be0: 0x00000000 0x00000000 0x00000000 0x00000000
0x2bf0: 0x00000000 0x00000000 0x00000000 0x00000000
0x2c00: 0x00000000 0x00000000 0x00000000 0x00000000
0x2c10: 0x00000000 0x00000000 0x00000000 0x00000000
0x2c20: 0x00000000 0x00000000 0x00000000 0x00000000
0x2c30: 0x00000000 0x00000000 0x00000000 0x00000000
0x2c40: 0x00000000 0x00000000 0x00000000 0x00000000
0x2c50: 0x00000000 0x00000000 0x00000000 0x00000000
0x2c60: 0x00000000 0x00000000 0x00000000 0x00000000
0x2c70: 0x00000000 0x00000000 0x00000000 0x00000000
0x2c80: 0x00000000 0x00000000 0x00000000 0x00000000
0x2c90: 0x00000000 0x00000000 0x00000000 0x00000000
0x2ca0: 0x00000000 0x00000000 0x00000000 0x00000000
0x2cb0: 0x00000000 0x00000000 0x00000000 0x00000000
0x2cc0: 0x00000000 0x00000000 0x00000000 0x00000000
0x2cd0: 0x00000000 0x00000000 0x00000000 0x00000000
0x2ce0: 0x00000000 0x00000000 0x00000000 0x00000000
0x2cf0: 0x00000000 0x00000000 0x00000000 0x00000000
0x2d00: 0x00000000 0x00000000 0x00000000 0x00000000
0x2d10: 0x00000000 0x00000000 0x00000000 0x00000000
0x2d20: 0x00000000 0x00000000 0x00000000 0x00000000
0x2d30: 0x00000000 0x00000000 0x00000000 0x00000000
0x2d40: 0x00000000 0x00000000 0x00000000 0x00000000
0x2d50: 0x00000000 0x00000000 0x00000000 0x00000000
0x2d60: 0x00000000 0x00000000 0x00000000 0x00000000
0x2d70: 0x00000000 0x00000000 0x00000000 0x00000000
0x2d80: 0x00000000 0x00000000 0x00000000 0x00000000
0x2d90: 0x00000000 0x00000000 0x00000000 0x00000000
0x2da0: 0x00000000 0x00000000 0x00000000 0x00000000
0x2db0: 0x00000000 0x00000000 0x00000000 0x00000000
0x2dc0: 0x00000000 0x00000000 0x00000000 0x00000000
0x2dd0: 0x00000000 0x00000000 0x00000000 0x00000000
0x2de0: 0x00000000 0x00000000 0x00000000 0x00000000
0x2df0: 0x00000000 0x00000000 0x00000000 0x00000000
0x2e00: 0x00000000 0x00000000 0x00000000 0x00000000
0x2e10: 0x00000000 0x00000000 0x00000000 0x00000000
0x2e20: 0x00000000 0x00000000 0x00000000 0x00000000
0x2e30: 0x00000000 0x00000000 0x00000000 0x00000000
0x2e40: 0x00000000 0x00000000 0x00000000 0x00000000
0x2e50: 0x00000000 0x00000000 0x00000000 0x00000000
0x2e60: 0x00000000 0x00000000 0x00000000 0x00000000
0x2e70: 0x00000000 0x00000000 0x00000000 0x00000000
0x2e80: 0x00000000 0x00000000 0x00000000 0x00000000
0x2e90: 0x00000000 0x00000000 0x00000000 0x00000000
0x2ea0: 0x00000000 0x00000000 0x00000000 0x00000000
0x2eb0: 0x00000000 0x00000000 0x00000000 0x00000000
0x2ec0: 0x00000000 0x00000000 0x00000000 0x00000000
0x2ed0: 0x00000000 0x00000000 0x00000000 0x00000000
0x2ee0: 0x00000000 0x00000000 0x00000000 0x00000000
0x2ef0: 0x00000000 0x00000000 0x00000000 0x00000000
0x2f00: 0x00000000 0x00000000 0x00000000 0x00000000
0x2f10: 0x00000000 0x00000000 0x00000000 0x00000000
0x2f20: 0x00000000 0x00000000 0x00000000 0x00000000
0x2f30: 0x00000000 0x00000000 0x00000000 0x00000000
0x2f40: 0x00000000 0x00000000 0x00000000 0x00000000
0x2f50: 0x00000000 0x00000000 0x00000000 0x00000000
0x2f60: 0x00000000 0x00000000 0x00000000 0x00000000
0x2f70: 0x00000000 0x00000000 0x00000000 0x00000000
0x2f80: 0x00000000 0x00000000 0x00000000 0x00000000
0x2f90: 0x00000000 0x00000000 0x00000000 0x00000000
0x2fa0: 0x00000000 0x00000000 0x00000000 0x00000000
0x2fb0: 0x00000000 0x00000000 0x00000000 0x00000000
0x2fc0: 0x00000000 0x00000000 0x00000000 0x00000000
0x2fd0: 0x00000000 0x00000000 0x00000000 0x00000000
0x2fe0: 0x00000000 0x00000000 0x00000000 0x00000000
0x2ff0: 0x00000000 0x00000000 0x00000000 0x00000000
0x3000: 0x00000000 0x00000000 0x00000000 0x00000000
0x3010: 0x00000000 0x00000000 0x00000000 0x00000000
0x3020: 0x00000000 0x00000000 0x00000000 0x00000000
0x3030: 0x00000000 0x00000000 0x00000000 0x00000000
0x3040: 0x00000000 0x00000000 0x00000000 0x00000000
0x3050: 0x00000000 0x00000000 0x00000000 0x00000000
0x3060: 0x00000000 0x00000000 0x00000000 0x00000000
0x3070: 0x00000000 0x00000000 0x00000000 0x00000000
0x3080: 0x00000000 0x00000000 0x00000000 0x00000000
0x3090: 0x00000000 0x00000000 0x00000000 0x00000000
0x30a0: 0x00000000 0x00000000 0x00000000 0x00000000
0x30b0: 0x00000000 0x00000000 0x00000000 0x00000000
0x30c0: 0x00000000 0x00000000 0x00000000 0x00000000
0x30d0: 0x00000000 0x00000000 0x00000000 0x00000000
0x30e0: 0x00000000 0x00000000 0x00000000 0x00000000
0x30f0: 0x00000000 0x00000000 0x00000000 0x00000000
0x3100: 0x00000000 0x00000000 0x00000000 0x00000000
0x3110: 0x00000000 0x00000000 0x00000000 0x00000000
0x3120: 0x00000000 0x00000000 0x00000000 0x00000000
0x3130: 0x00000000 0x00000000 0x00000000 0x00000000
0x3140: 0x00000000 0x00000000 0x00000000 0x00000000
0x3150: 0x00000000 0x00000000 0x00000000 0x00000000
0x3160: 0x00000000 0x00000000 0x00000000 0x00000000
0x3170: 0x00000000 0x00000000 0x00000000 0x00000000
0x3180: 0x00000000 0x00000000 0x00000000 0x00000000
0x3190: 0x00000000 0x00000000 0x00000000 0x00000000
0x31a0: 0x00000000 0x00000000 0x00000000 0x00000000
0x31b0: 0x00000000 0x00000000 0x00000000 0x00000000
0x31c0: 0x00000000 0x00000000 0x00000000 0x00000000
0x31d0: 0x00000000 0x00000000 0x00000000 0x00000000
0x31e0: 0x00000000 0x00000000 0x00000000 0x00000000
0x31f0: 0x00000000 0x00000000 0x00000000 0x00000000
0x3200: 0x00000000 0x00000000 0x00000000 0x00000000
0x3210: 0x00000000 0x00000000 0x00000000 0x00000000
0x3220: 0x00000000 0x00000000 0x00000000 0x00000000
0x3230: 0x00000000 0x00000000 0x00000000 0x00000000
0x3240: 0x00000000 0x00000000 0x00000000 0x00000000
0x3250: 0x00000000 0x00000000 0x00000000 0x00000000
0x3260: 0x00000000 0x00000000 0x00000000 0x00000000
0x3270: 0x00000000 0x00000000 0x00000000 0x00000000
0x3280: 0x00000000 0x00000000 0x00000000 0x00000000
0x3290: 0x00000000 0x00000000 0x00000000 0x00000000
0x32a0: 0x00000000 0x00000000 0x00000000 0x00000000
0x32b0: 0x00000000 0x00000000 0x00000000 0x00000000
0x32c0: 0x00000000 0x00000000 0x00000000 0x00000000
0x32d0: 0x00000000 0x00000000 0x00000000 0x00000000
0x32e0: 0x00000000 0x00000000 0x00000000 0x00000000
0x32f0: 0x00000000 0x00000000 0x00000000 0x00000000
0x3300: 0x00000000 0x00000000 0x00000000 0x00000000
0x3310: 0x00000000 0x00000000 0x00000000 0x00000000
0x3320: 0x00000000 0x00000000 0x00000000 0x00000000
0x3330: 0x00000000 0x00000000 0x00000000 0x00000000
0x3340: 0x00000000 0x00000000 0x00000000 0x00000000
0x3350: 0x00000000 0x00000000 0x00000000 0x00000000
0x3360: 0x00000000 0x00000000 0x00000000 0x00000000
0x3370: 0x00000000 0x00000000 0x00000000 0x00000000
0x3380: 0x00000000 0x00000000 0x00000000 0x00000000
0x3390: 0x00000000 0x00000000 0x00000000 0x00000000
0x33a0: 0x00000000 0x00000000 0x00000000 0x00000000
0x33b0: 0x00000000 0x00000000 0x00000000 0x00000000
0x33c0: 0x00000000 0x00000000 0x00000000 0x00000000
0x33d0: 0x00000000 0x00000000 0x00000000 0x00000000
0x33e0: 0x00000000 0x00000000 0x00000000 0x00000000
0x33f0: 0x00000000 0x00000000 0x00000000 0x00000000
0x3400: 0x00000000 0x00000000 0x00000000 0x00000000
0x3410: 0x00000000 0x00000000 0x00000000 0x00000000
0x3420: 0x00000000 0x00000000 0x00000000 0x00000000
0x3430: 0x00000000 0x00000000 0x00000000 0x00000000
0x3440: 0x00000000 0x00000000 0x00000000 0x00000000
0x3450: 0x00000000 0x00000000 0x00000000 0x00000000
0x3460: 0x00000000 0x00000000 0x00000000 0x00000000
0x3470: 0x00000000 0x00000000 0x00000000 0x00000000
0x3480: 0x00000000 0x00000000 0x00000000 0x00000000
0x3490: 0x00000000 0x00000000 0x00000000 0x00000000
0x34a0: 0x00000000 0x00000000 0x00000000 0x00000000
0x34b0: 0x00000000 0x00000000 0x00000000 0x00000000
0x34c0: 0x00000000 0x00000000 0x00000000 0x00000000
0x34d0: 0x00000000 0x00000000 0x00000000 0x00000000
0x34e0: 0x00000000 0x00000000 0x00000000 0x00000000
0x34f0: 0x00000000 0x00000000 0x00000000 0x00000000
0x3500: 0x00000000 0x00000000 0x00000000 0x00000000
0x3510: 0x00000000 0x00000000 0x00000000 0x00000000
0x3520: 0x00000000 0x00000000 0x00000000 0x00000000
0x3530: 0x00000000 0x00000000 0x00000000 0x00000000
0x3540: 0x00000000 0x00000000 0x00000000 0x00000000
0x3550: 0x00000000 0x00000000 0x00000000 0x00000000
0x3560: 0x00000000 0x00000000 0x00000000 0x00000000
0x3570: 0x00000000 0x00000000 0x00000000 0x00000000
0x3580: 0x00000000 0x00000000 0x00000000 0x00000000
0x3590: 0x00000000 0x00000000 0x00000000 0x00000000
0x35a0: 0x00000000 0x00000000 0x00000000 0x00000000
0x35b0: 0x00000000 0x00000000 0x00000000 0x00000000
0x35c0: 0x00000000 0x00000000 0x00000000 0x00000000
0x35d0: 0x00000000 0x00000000 0x00000000 0x00000000
0x35e0: 0x00000000 0x00000000 0x00000000 0x00000000
0x35f0: 0x00000000 0x00000000 0x00000000 0x00000000
0x3600: 0x00000000 0x00000000 0x00000000 0x00000000
0x3610: 0x00000000 0x00000000 0x00000000 0x00000000
0x3620: 0x00000000 0x00000000 0x00000000 0x00000000
0x3630: 0x00000000 0x00000000 0x00000000 0x00000000
0x3640: 0x00000000 0x00000000 0x00000000 0x00000000
0x3650: 0x00000000 0x00000000 0x00000000 0x00000000
0x3660: 0x00000000 0x00000000 0x00000000 0x00000000
0x3670: 0x00000000 0x00000000 0x00000000 0x00000000
0x3680: 0x00000000 0x00000000 0x00000000 0x00000000
0x3690: 0x00000000 0x00000000 0x00000000 0x00000000
0x36a0: 0x00000000 0x00000000 0x00000000 0x00000000
0x36b0: 0x00000000 0x00000000 0x00000000 0x00000000
0x36c0: 0x00000000 0x00000000 0x00000000 0x00000000
0x36d0: 0x00000000 0x00000000 0x00000000 0x00000000
0x36e0: 0x00000000 0x00000000 0x00000000 0x00000000
0x36f0: 0x00000000 0x00000000 0x00000000 0x00000000
0x3700: 0x00000000 0x00000000 0x00000000 0x00000000
0x3710: 0x00000000 0x00000000 0x00000000 0x00000000
0x3720: 0x00000000 0x00000000 0x00000000 0x00000000
0x3730: 0x00000000 0x00000000 0x00000000 0x00000000
0x3740: 0x00000000 0x00000000 0x00000000 0x00000000
0x3750: 0x00000000 0x00000000 0x00000000 0x00000000
0x3760: 0x00000000 0x00000000 0x00000000 0x00000000
0x3770: 0x00000000 0x00000000 0x00000000 0x00000000
0x3780: 0x00000000 0x00000000 0x00000000 0x00000000
0x3790: 0x00000000 0x00000000 0x00000000 0x00000000
0x37a0: 0x00000000 0x00000000 0x00000000 0x00000000
0x37b0: 0x00000000 0x00000000 0x00000000 0x00000000
0x37c0: 0x00000000 0x00000000 0x00000000 0x00000000
0x37d0: 0x00000000 0x00000000 0x00000000 0x00000000
0x37e0: 0x00000000 0x00000000 0x00000000 0x00000000
0x37f0: 0x00000000 0x00000000 0x00000000 0x00000000
0x3800: 0x00000000 0x00000000 0x00000000 0x00000000
0x3810: 0x00000000 0x00000000 0x00000000 0x00000000
0x3820: 0x00000000 0x00000000 0x00000000 0x00000000
0x3830: 0x00000000 0x00000000 0x00000000 0x00000000
0x3840: 0x00000000 0x00000000 0x00000000 0x00000000
0x3850: 0x00000000 0x00000000 0x00000000 0x00000000
0x3860: 0x00000000 0x00000000 0x00000000 0x00000000
0x3870: 0x00000000 0x00000000 0x00000000 0x00000000
0x3880: 0x00000000 0x00000000 0x00000000 0x00000000
0x3890: 0x00000000 0x00000000 0x00000000 0x00000000
0x38a0: 0x00000000 0x00000000 0x00000000 0x00000000
0x38b0: 0x00000000 0x00000000 0x00000000 0x00000000
0x38c0: 0x00000000 0x00000000 0x00000000 0x00000000
0x38d0: 0x00000000 0x00000000 0x00000000 0x00000000
0x38e0: 0x00000000 0x00000000 0x00000000 0x00000000
0x38f0: 0x00000000 0x00000000 0x00000000 0x00000000
0x3900: 0x00000000 0x00000000 0x00000000 0x00000000
0x3910: 0x00000000 0x00000000 0x00000000 0x00000000
0x3920: 0x00000000 0x00000000 0x00000000 0x00000000
0x3930: 0x00000000 0x00000000 0x00000000 0x00000000
0x3940: 0x00000000 0x00000000 0x00000000 0x00000000
0x3950: 0x00000000 0x00000000 0x00000000 0x00000000
0x3960: 0x00000000 0x00000000 0x00000000 0x00000000
0x3970: 0x00000000 0x00000000 0x00000000 0x00000000
0x3980: 0x00000000 0x00000000 0x00000000 0x00000000
0x3990: 0x00000000 0x00000000 0x00000000 0x00000000
0x39a0: 0x00000000 0x00000000 0x00000000 0x00000000
0x39b0: 0x00000000 0x00000000 0x00000000 0x00000000
0x39c0: 0x00000000 0x00000000 0x00000000 0x00000000
0x39d0: 0x00000000 0x00000000 0x00000000 0x00000000
0x39e0: 0x00000000 0x00000000 0x00000000 0x00000000
0x39f0: 0x00000000 0x00000000 0x00000000 0x00000000
0x3a00: 0x00000000 0x00000000 0x00000000 0x00000000
0x3a10: 0x00000000 0x00000000 0x00000000 0x00000000
0x3a20: 0x00000000 0x00000000 0x00000000 0x00000000
0x3a30: 0x00000000 0x00000000 0x00000000 0x00000000
0x3a40: 0x00000000 0x00000000 0x00000000 0x00000000
0x3a50: 0x00000000 0x00000000 0x00000000 0x00000000
0x3a60: 0x00000000 0x00000000 0x00000000 0x00000000
0x3a70: 0x00000000 0x00000000 0x00000000 0x00000000
0x3a80: 0x00000000 0x00000000 0x00000000 0x00000000
0x3a90: 0x00000000 0x00000000 0x00000000 0x00000000
0x3aa0: 0x00000000 0x00000000 0x00000000 0x00000000
0x3ab0: 0x00000000 0x00000000 0x00000000 0x00000000
0x3ac0: 0x00000000 0x00000000 0x00000000 0x00000000
0x3ad0: 0x00000000 0x00000000 0x00000000 0x00000000
0x3ae0: 0x00000000 0x00000000 0x00000000 0x00000000
0x3af0: 0x00000000 0x00000000 0x00000000 0x00000000
0x3b00: 0x00000000 0x00000000 0x00000000 0x00000000
0x3b10: 0x00000000 0x00000000 0x00000000 0x00000000
0x3b20: 0x00000000 0x00000000 0x00000000 0x00000000
0x3b30: 0x00000000 0x00000000 0x00000000 0x00000000
0x3b40: 0x00000000 0x00000000 0x00000000 0x00000000
0x3b50: 0x00000000 0x00000000 0x00000000 0x00000000
0x3b60: 0x00000000 0x00000000 0x00000000 0x00000000
0x3b70: 0x00000000 0x00000000 0x00000000 0x00000000
0x3b80: 0x00000000 0x00000000 0x00000000 0x00000000
0x3b90: 0x00000000 0x00000000 0x00000000 0x00000000
0x3ba0: 0x00000000 0x00000000 0x00000000 0x00000000
0x3bb0: 0x00000000 0x00000000 0x00000000 0x00000000
0x3bc0: 0x00000000 0x00000000 0x00000000 0x00000000
0x3bd0: 0x00000000 0x00000000 0x00000000 0x00000000
0x3be0: 0x00000000 0x00000000 0x00000000 0x00000000
0x3bf0: 0x00000000 0x00000000 0x00000000 0x00000000
0x3c00: 0x00000000 0x00000000 0x00000000 0x00000000
0x3c10: 0x00000000 0x00000000 0x00000000 0x00000000
0x3c20: 0x00000000 0x00000000 0x00000000 0x00000000
0x3c30: 0x00000000 0x00000000 0x00000000 0x00000000
0x3c40: 0x00000000 0x00000000 0x00000000 0x00000000
0x3c50: 0x00000000 0x00000000 0x00000000 0x00000000
0x3c60: 0x00000000 0x00000000 0x00000000 0x00000000
0x3c70: 0x00000000 0x00000000 0x00000000 0x00000000
0x3c80: 0x00000000 0x00000000 0x00000000 0x00000000
0x3c90: 0x00000000 0x00000000 0x00000000 0x00000000
0x3ca0: 0x00000000 0x00000000 0x00000000 0x00000000
0x3cb0: 0x00000000 0x00000000 0x00000000 0x00000000
0x3cc0: 0x00000000 0x00000000 0x00000000 0x00000000
0x3cd0: 0x00000000 0x00000000 0x00000000 0x00000000
0x3ce0: 0x00000000 0x00000000 0x00000000 0x00000000
0x3cf0: 0x00000000 0x00000000 0x00000000 0x00000000
0x3d00: 0x00000000 0x00000000 0x00000000 0x00000000
0x3d10: 0x00000000 0x00000000 0x00000000 0x00000000
0x3d20: 0x00000000 0x00000000 0x00000000 0x00000000
0x3d30: 0x00000000 0x00000000 0x00000000 0x00000000
0x3d40: 0x00000000 0x00000000 0x00000000 0x00000000
0x3d50: 0x00000000 0x00000000 0x00000000 0x00000000
0x3d60: 0x00000000 0x00000000 0x00000000 0x00000000
0x3d70: 0x00000000 0x00000000 0x00000000 0x00000000
0x3d80: 0x00000000 0x00000000 0x00000000 0x00000000
0x3d90: 0x00000000 0x00000000 0x00000000 0x00000000
0x3da0: 0x00000000 0x00000000 0x00000000 0x00000000
0x3db0: 0x00000000 0x00000000 0x00000000 0x00000000
0x3dc0: 0x00000000 0x00000000 0x00000000 0x00000000
0x3dd0: 0x00000000 0x00000000 0x00000000 0x00000000
0x3de0: 0x00000000 0x00000000 0x00000000 0x00000000
0x3df0: 0x00000000 0x00000000 0x00000000 0x00000000
0x3e00: 0x00000000 0x00000000 0x00000000 0x00000000
0x3e10: 0x00000000 0x00000000 0x00000000 0x00000000
0x3e20: 0x00000000 0x00000000 0x00000000 0x00000000
0x3e30: 0x00000000 0x00000000 0x00000000 0x00000000
0x3e40: 0x00000000 0x00000000 0x00000000 0x00000000
0x3e50: 0x00000000 0x00000000 0x00000000 0x00000000
0x3e60: 0x00000000 0x00000000 0x00000000 0x00000000
0x3e70: 0x00000000 0x00000000 0x00000000 0x00000000
0x3e80: 0x00000000 0x00000000 0x00000000 0x00000000
0x3e90: 0x00000000 0x00000000 0x00000000 0x00000000
0x3ea0: 0x00000000 0x00000000 0x00000000 0x00000000
0x3eb0: 0x00000000 0x00000000 0x00000000 0x00000000
0x3ec0: 0x00000000 0x00000000 0x00000000 0x00000000
0x3ed0: 0x00000000 0x00000000 0x00000000 0x00000000
0x3ee0: 0x00000000 0x00000000 0x00000000 0x00000000
0x3ef0: 0x00000000 0x00000000 0x00000000 0x00000000
0x3f00: 0x00000000 0x00000000 0x00000000 0x00000000
0x3f10: 0x00000000 0x00000000 0x00000000 0x00000000
0x3f20: 0x00000000 0x00000000 0x00000000 0x00000000
0x3f30: 0x00000000 0x00000000 0x00000000 0x00000000
0x3f40: 0x00000000 0x00000000 0x00000000 0x00000000
0x3f50: 0x00000000 0x00000000 0x00000000 0x00000000
0x3f60: 0x00000000 0x00000000 0x00000000 0x00000000
0x3f70: 0x00000000 0x00000000 0x00000000 0x00000000
0x3f80: 0x00000000 0x00000000 0x00000000 0x00000000
0x3f90: 0x00000000 0x00000000 0x00000000 0x00000000
0x3fa0: 0x00000000 0x00000000 0x00000000 0x00000000
0x3fb0: 0x00000000 0x00000000 0x00000000 0x00000000
0x3fc0: 0x00000000 0x00000000 0x00000000 0x00000000
0x3fd0: 0x00000000 0x00000000 0x00000000 0x00000000
0x3fe0: 0x00000000 0x00000000 0x00000000 0x00000000
0x3ff0: 0x00000000 0x00000000 0x00000000 0x00000000

Waiting MIPS CPU to finish...
#1 access to result (= 4294967295)
#2 access to result (= 1)
MIPS CPU Execution is finished...
Memory dump comparison:
Base address is: 0x7f3ce23000
mismatch at 0x7f3ce2300c: expect 00000000, but get 00000001
mismatch at 0x7f3ce2312c: expect 00000000, but get 000000c8
mismatch at 0x7f3ce23130: expect 00000004, but get 000000cc
mismatch at 0x7f3ce23134: expect 00000008, but get 000000d0
mismatch at 0x7f3ce23138: expect 0000000c, but get 000000d4
mismatch at 0x7f3ce2313c: expect 00000010, but get 000000d8
mismatch at 0x7f3ce23140: expect 00000014, but get 000000dc
mismatch at 0x7f3ce23144: expect 00000018, but get 000000e0
mismatch at 0x7f3ce23148: expect 0000001c, but get 000000e4
mismatch at 0x7f3ce2314c: expect 00000020, but get 000000e8
mismatch at 0x7f3ce23150: expect 00000024, but get 000000ec
mismatch at 0x7f3ce23154: expect 00000028, but get 000000f0
mismatch at 0x7f3ce23158: expect 0000002c, but get 000000f4
mismatch at 0x7f3ce2315c: expect 00000030, but get 000000f8
mismatch at 0x7f3ce23160: expect 00000034, but get 000000fc
mismatch at 0x7f3ce23164: expect 00000038, but get 00000100
mismatch at 0x7f3ce23168: expect 0000003c, but get 00000104
mismatch at 0x7f3ce2316c: expect 00000040, but get 00000108
mismatch at 0x7f3ce23170: expect 00000044, but get 0000010c
mismatch at 0x7f3ce23174: expect 00000048, but get 00000110
mismatch at 0x7f3ce23178: expect 0000004c, but get 00000114
mismatch at 0x7f3ce2317c: expect 00000050, but get 00000118
mismatch at 0x7f3ce23180: expect 00000054, but get 0000011c
mismatch at 0x7f3ce23184: expect 00000058, but get 00000120
mismatch at 0x7f3ce23188: expect 0000005c, but get 00000124
mismatch at 0x7f3ce2318c: expect 00000060, but get 00000128
/root/prj3_wp/memcpy failed
